<?xml version="1.0" encoding="UTF-8" ?>
<testsuite tests="17" failures="0" name="test.ws.prova.test2.ProvaMessagingTest" time="72.816" errors="0" skipped="0">
  <properties>
[...]
</properties>
  <testcase classname="test.ws.prova.test2.ProvaMessagingTest" name="complex_fipa_exchange" time="2.175"/>
  <testcase classname="test.ws.prova.test2.ProvaMessagingTest" name="simple_sendMsg_and_rcvMsg" time="1.02"/>
  <testcase classname="test.ws.prova.test2.ProvaMessagingTest" name="inline_rcvMsg" time="1.015"/>
  <testcase classname="test.ws.prova.test2.ProvaMessagingTest" name="inline_rcvMult" time="1.014"/>
  <testcase classname="test.ws.prova.test2.ProvaMessagingTest" name="inline_rcvMult_multithreaded" time="1.055"/>
  <testcase classname="test.ws.prova.test2.ProvaMessagingTest" name="inline_spawn_multithreaded" time="2.52"/>
  <testcase classname="test.ws.prova.test2.ProvaMessagingTest" name="inline_end_of_reaction" time="2.01"/>
  <testcase classname="test.ws.prova.test2.ProvaMessagingTest" name="correlated_reaction" time="2.02"/>
  <testcase classname="test.ws.prova.test2.ProvaMessagingTest" name="partitionedAndNonpartitionedThreadpools" time="2.028"/>
  <testcase classname="test.ws.prova.test2.ProvaMessagingTest" name="partitioned_reaction" time="1.025"/>
  <testcase classname="test.ws.prova.test2.ProvaMessagingTest" name="map_payload" time="1.021"/>
  <testcase classname="test.ws.prova.test2.ProvaMessagingTest" name="cycleEventProcessing" time="2.048"/>
  <testcase classname="test.ws.prova.test2.ProvaMessagingTest" name="interThreadMessaging" time="2.026"/>
  <testcase classname="test.ws.prova.test2.ProvaMessagingTest" name="ring" time="15.539"/>
  <testcase classname="test.ws.prova.test2.ProvaMessagingTest" name="ring2" time="15.356"/>
  <testcase classname="test.ws.prova.test2.ProvaMessagingTest" name="ring_parallel" time="20.624"/>
  <testcase classname="test.ws.prova.test2.ProvaMessagingTest" name="parallel_001" time="0.211"/>
</testsuite>