<?xml version="1.0" encoding="UTF-8" ?>
<testsuite tests="21" failures="0" name="test.ws.prova.test2.ProvaBuiltins1Test" time="0.801" errors="0" skipped="0">
  <properties>
[...]
</properties>
  <testcase classname="test.ws.prova.test2.ProvaBuiltins1Test" name="free" time="0.344"/>
  <testcase classname="test.ws.prova.test2.ProvaBuiltins1Test" name="map2" time="0.02"/>
  <testcase classname="test.ws.prova.test2.ProvaBuiltins1Test" name="list_ops" time="0.019"/>
  <testcase classname="test.ws.prova.test2.ProvaBuiltins1Test" name="map3" time="0.012"/>
  <testcase classname="test.ws.prova.test2.ProvaBuiltins1Test" name="map_in_head_literal" time="0.023"/>
  <testcase classname="test.ws.prova.test2.ProvaBuiltins1Test" name="map_with_list_with_unbound_variables" time="0.006"/>
  <testcase classname="test.ws.prova.test2.ProvaBuiltins1Test" name="map_merge" time="0.03"/>
  <testcase classname="test.ws.prova.test2.ProvaBuiltins1Test" name="map_merge2" time="0.022"/>
  <testcase classname="test.ws.prova.test2.ProvaBuiltins1Test" name="map_elements" time="0.017"/>
  <testcase classname="test.ws.prova.test2.ProvaBuiltins1Test" name="map_nested" time="0.012"/>
  <testcase classname="test.ws.prova.test2.ProvaBuiltins1Test" name="tokenize_list" time="0.039"/>
  <testcase classname="test.ws.prova.test2.ProvaBuiltins1Test" name="parse_list" time="0.009"/>
  <testcase classname="test.ws.prova.test2.ProvaBuiltins1Test" name="byte_stream_and_copy_stream" time="0.03"/>
  <testcase classname="test.ws.prova.test2.ProvaBuiltins1Test" name="read_enum" time="0.01"/>
  <testcase classname="test.ws.prova.test2.ProvaBuiltins1Test" name="tokenize_enum" time="0.013"/>
  <testcase classname="test.ws.prova.test2.ProvaBuiltins1Test" name="parse_nv" time="0.037"/>
  <testcase classname="test.ws.prova.test2.ProvaBuiltins1Test" name="capture_enum" time="0.007"/>
  <testcase classname="test.ws.prova.test2.ProvaBuiltins1Test" name="variables_as_args" time="0.011"/>
  <testcase classname="test.ws.prova.test2.ProvaBuiltins1Test" name="concat" time="0.006"/>
  <testcase classname="test.ws.prova.test2.ProvaBuiltins1Test" name="map" time="0.03"/>
  <testcase classname="test.ws.prova.test2.ProvaBuiltins1Test" name="unescape" time="0.008"/>
</testsuite>