<?xml version="1.0" encoding="UTF-8" ?>
<testsuite tests="11" failures="0" name="test.ws.prova.test2.ProvaCommunicatorTest" time="1.644" errors="0" skipped="0">
  <properties>
[...]
</properties>
  <testcase classname="test.ws.prova.test2.ProvaCommunicatorTest" name="initialization_from_nowhere" time="0.319"/>
  <testcase classname="test.ws.prova.test2.ProvaCommunicatorTest" name="initialization_with_parsing_errors" time="0.031"/>
  <testcase classname="test.ws.prova.test2.ProvaCommunicatorTest" name="initialization_with_rulebase_errors" time="0.029"/>
  <testcase classname="test.ws.prova.test2.ProvaCommunicatorTest" name="sync_consult_from_string" time="0.013"/>
  <testcase classname="test.ws.prova.test2.ProvaCommunicatorTest" name="sync_consult_with_facts" time="0.024"/>
  <testcase classname="test.ws.prova.test2.ProvaCommunicatorTest" name="sync_consult_with_facts_and_java_parameters" time="0.008"/>
  <testcase classname="test.ws.prova.test2.ProvaCommunicatorTest" name="sync_consult_with_separate_rules" time="0.025"/>
  <testcase classname="test.ws.prova.test2.ProvaCommunicatorTest" name="sync_unconsult" time="0.017"/>
  <testcase classname="test.ws.prova.test2.ProvaCommunicatorTest" name="sync_consult_from_string_with_parsing_exceptions" time="0.013"/>
  <testcase classname="test.ws.prova.test2.ProvaCommunicatorTest" name="sync_consult_from_file" time="0.014"/>
  <testcase classname="test.ws.prova.test2.ProvaCommunicatorTest" name="send_msg_to_rulebase" time="1.069"/>
</testsuite>